Copyright 1986-2018 Xilinx, Inc. All Rights Reserved.
------------------------------------------------------------------------------------
| Tool Version : Vivado v.2018.2 (win64) Build 2258646 Thu Jun 14 20:03:12 MDT 2018
| Date         : Tue May  7 15:15:41 2024
| Host         : Dans_Surface running 64-bit major release  (build 9200)
| Command      : upgrade_ip
| Device       : xc7a200tsbg484-1
------------------------------------------------------------------------------------

Upgrade Log for IP 'design_1_my_graphics_ip_0_0'

1. Summary
----------

SUCCESS in the upgrade of design_1_my_graphics_ip_0_0 (xilinx.com:user:my_graphics_ip:1.0) from (Rev. 14) to (Rev. 15)






Copyright 1986-2018 Xilinx, Inc. All Rights Reserved.
------------------------------------------------------------------------------------
| Tool Version : Vivado v.2018.2 (win64) Build 2258646 Thu Jun 14 20:03:12 MDT 2018
| Date         : Mon May  6 00:44:16 2024
| Host         : DESKTOP-LTBC2PA running 64-bit major release  (build 9200)
| Command      : upgrade_ip
| Device       : xc7a200tsbg484-1
------------------------------------------------------------------------------------

Upgrade Log for IP 'design_1_my_graphics_ip_0_0'

1. Summary
----------

SUCCESS in the upgrade of design_1_my_graphics_ip_0_0 (xilinx.com:user:my_graphics_ip:1.0) from (Rev. 13) to (Rev. 14)






Copyright 1986-2018 Xilinx, Inc. All Rights Reserved.
------------------------------------------------------------------------------------
| Tool Version : Vivado v.2018.2 (win64) Build 2258646 Thu Jun 14 20:03:12 MDT 2018
| Date         : Sun May  5 16:55:23 2024
| Host         : DESKTOP-LTBC2PA running 64-bit major release  (build 9200)
| Command      : upgrade_ip
| Device       : xc7a200tsbg484-1
------------------------------------------------------------------------------------

Upgrade Log for IP 'design_1_my_graphics_ip_0_0'

1. Summary
----------

SUCCESS in the upgrade of design_1_my_graphics_ip_0_0 (xilinx.com:user:my_graphics_ip:1.0) from (Rev. 12) to (Rev. 13)






Copyright 1986-2018 Xilinx, Inc. All Rights Reserved.
------------------------------------------------------------------------------------
| Tool Version : Vivado v.2018.2 (win64) Build 2258646 Thu Jun 14 20:03:12 MDT 2018
| Date         : Sun May  5 16:45:19 2024
| Host         : DESKTOP-LTBC2PA running 64-bit major release  (build 9200)
| Command      : upgrade_ip
| Device       : xc7a200tsbg484-1
------------------------------------------------------------------------------------

Upgrade Log for IP 'design_1_my_graphics_ip_0_0'

1. Summary
----------

CAUTION (success, with warnings) in the upgrade of design_1_my_graphics_ip_0_0 (xilinx.com:user:my_graphics_ip:1.0) from (Rev. 11) to (Rev. 12)

After upgrade, an IP may have parameter and port differences compared to the original customization. Please review the parameters within the IP customization GUI to ensure proper functionality. Also, please review the updated IP instantiation template to ensure proper connectivity, and update your design if required.

2. Connection Warnings
----------------------

Detected external port differences while upgrading 'design_1_my_graphics_ip_0_0'. These changes may impact your design.


-Upgrade has added port 'JA_Port'







Copyright 1986-2018 Xilinx, Inc. All Rights Reserved.
------------------------------------------------------------------------------------
| Tool Version : Vivado v.2018.2 (win64) Build 2258646 Thu Jun 14 20:03:12 MDT 2018
| Date         : Fri May  3 02:43:02 2024
| Host         : DESKTOP-7KFD0I2 running 64-bit major release  (build 9200)
| Command      : upgrade_ip
| Device       : xc7a200tsbg484-1
------------------------------------------------------------------------------------

Upgrade Log for IP 'design_1_my_graphics_ip_0_0'

1. Summary
----------

SUCCESS in the upgrade of design_1_my_graphics_ip_0_0 (xilinx.com:user:my_graphics_ip:1.0) from (Rev. 10) to (Rev. 11)






Copyright 1986-2018 Xilinx, Inc. All Rights Reserved.
------------------------------------------------------------------------------------
| Tool Version : Vivado v.2018.2 (win64) Build 2258646 Thu Jun 14 20:03:12 MDT 2018
| Date         : Fri May  3 02:34:29 2024
| Host         : DESKTOP-7KFD0I2 running 64-bit major release  (build 9200)
| Command      : upgrade_ip
| Device       : xc7a200tsbg484-1
------------------------------------------------------------------------------------

Upgrade Log for IP 'design_1_my_graphics_ip_0_0'

1. Summary
----------

SUCCESS in the upgrade of design_1_my_graphics_ip_0_0 (xilinx.com:user:my_graphics_ip:1.0) from (Rev. 9) to (Rev. 10)






Copyright 1986-2018 Xilinx, Inc. All Rights Reserved.
------------------------------------------------------------------------------------
| Tool Version : Vivado v.2018.2 (win64) Build 2258646 Thu Jun 14 20:03:12 MDT 2018
| Date         : Fri May  3 02:16:31 2024
| Host         : DESKTOP-7KFD0I2 running 64-bit major release  (build 9200)
| Command      : upgrade_ip
| Device       : xc7a200tsbg484-1
------------------------------------------------------------------------------------

Upgrade Log for IP 'design_1_my_graphics_ip_0_0'

1. Summary
----------

SUCCESS in the conversion of design_1_my_graphics_ip_0_0 (xilinx.com:user:my_graphics_ip:1.0 (Rev. 9)) to Vivado generation flows.






Copyright 1986-2018 Xilinx, Inc. All Rights Reserved.
------------------------------------------------------------------------------------
| Tool Version : Vivado v.2018.2 (win64) Build 2258646 Thu Jun 14 20:03:12 MDT 2018
| Date         : Fri May  3 02:13:40 2024
| Host         : DESKTOP-7KFD0I2 running 64-bit major release  (build 9200)
| Command      : upgrade_ip
| Device       : xc7a200tsbg484-1
------------------------------------------------------------------------------------

Upgrade Log for IP 'design_1_my_graphics_ip_0_0'

1. Summary
----------

CAUTION (success, with warnings) in the upgrade of design_1_my_graphics_ip_0_0 (xilinx.com:user:my_graphics_ip:1.0) from (Rev. 8) to (Rev. 9)

After upgrade, an IP may have parameter and port differences compared to the original customization. Please review the parameters within the IP customization GUI to ensure proper functionality. Also, please review the updated IP instantiation template to ensure proper connectivity, and update your design if required.

2. Connection Warnings
----------------------

Detected external port differences while upgrading 'design_1_my_graphics_ip_0_0'. These changes may impact your design.


-Upgrade has added port 'ac_adc_sdata'

-Upgrade has added port 'ac_bclk'

-Upgrade has added port 'ac_dac_sdata'

-Upgrade has added port 'ac_lrclk'

-Upgrade has added port 'ac_mclk'

-Upgrade has added port 'scl'

-Upgrade has added port 'sda'







Copyright 1986-2018 Xilinx, Inc. All Rights Reserved.
------------------------------------------------------------------------------------
| Tool Version : Vivado v.2018.2 (win64) Build 2258646 Thu Jun 14 20:03:12 MDT 2018
| Date         : Fri May  3 01:58:03 2024
| Host         : Dans_Surface running 64-bit major release  (build 9200)
| Command      : upgrade_ip
| Device       : xc7a200tsbg484-1
------------------------------------------------------------------------------------

Upgrade Log for IP 'design_1_my_graphics_ip_0_0'

1. Summary
----------

SUCCESS in the upgrade of design_1_my_graphics_ip_0_0 (xilinx.com:user:my_graphics_ip:1.0) from (Rev. 7) to (Rev. 8)






Copyright 1986-2018 Xilinx, Inc. All Rights Reserved.
------------------------------------------------------------------------------------
| Tool Version : Vivado v.2018.2 (win64) Build 2258646 Thu Jun 14 20:03:12 MDT 2018
| Date         : Tue Apr 30 01:34:10 2024
| Host         : Dans_Surface running 64-bit major release  (build 9200)
| Command      : upgrade_ip
| Device       : xc7a200tsbg484-1
------------------------------------------------------------------------------------

Upgrade Log for IP 'design_1_my_graphics_ip_0_0'

1. Summary
----------

SUCCESS in the upgrade of design_1_my_graphics_ip_0_0 (xilinx.com:user:my_graphics_ip:1.0) from (Rev. 5) to (Rev. 7)






Copyright 1986-2018 Xilinx, Inc. All Rights Reserved.
------------------------------------------------------------------------------------
| Tool Version : Vivado v.2018.2 (win64) Build 2258646 Thu Jun 14 20:03:12 MDT 2018
| Date         : Tue Apr 30 00:20:05 2024
| Host         : DESKTOP-7KFD0I2 running 64-bit major release  (build 9200)
| Command      : upgrade_ip
| Device       : xc7a200tsbg484-1
------------------------------------------------------------------------------------

Upgrade Log for IP 'design_1_my_graphics_ip_0_0'

1. Summary
----------

SUCCESS in the upgrade of design_1_my_graphics_ip_0_0 (xilinx.com:user:my_graphics_ip:1.0) from (Rev. 4) to (Rev. 5)






Copyright 1986-2018 Xilinx, Inc. All Rights Reserved.
------------------------------------------------------------------------------------
| Tool Version : Vivado v.2018.2 (win64) Build 2258646 Thu Jun 14 20:03:12 MDT 2018
| Date         : Tue Apr 30 00:13:31 2024
| Host         : DESKTOP-7KFD0I2 running 64-bit major release  (build 9200)
| Command      : upgrade_ip
| Device       : xc7a200tsbg484-1
------------------------------------------------------------------------------------

Upgrade Log for IP 'design_1_my_graphics_ip_0_0'

1. Summary
----------

SUCCESS in the upgrade of design_1_my_graphics_ip_0_0 (xilinx.com:user:my_graphics_ip:1.0) from (Rev. 3) to (Rev. 4)

