#-----------------------------------------------------------
# Vivado v2018.2 (64-bit)
# SW Build 2258646 on Thu Jun 14 20:03:12 MDT 2018
# IP Build 2256618 on Thu Jun 14 22:10:49 MDT 2018
# Start of session at: Mon May  6 01:39:31 2024
# Process ID: 15088
# Current directory: C:/Users/kaush/Documents/ECE383_Dan/Final_Project/Code/v1
# Command line: vivado.exe -gui_launcher_event rodinguilauncherevent21240 C:\Users\kaush\Documents\ECE383_Dan\Final_Project\Code\v1\final_project_v1.xpr
# Log file: C:/Users/kaush/Documents/ECE383_Dan/Final_Project/Code/v1/vivado.log
# Journal file: C:/Users/kaush/Documents/ECE383_Dan/Final_Project/Code/v1\vivado.jou
#-----------------------------------------------------------
start_gui
open_project C:/Users/kaush/Documents/ECE383_Dan/Final_Project/Code/v1/final_project_v1.xpr
INFO: [Project 1-313] Project file moved from 'C:/Dan_Agalakotuwa/ECE383_Dan/Final_Project/Code/v1' since last save.
Scanning sources...
Finished scanning sources
INFO: [IP_Flow 19-234] Refreshing IP repositories
INFO: [IP_Flow 19-1700] Loaded user IP repository 'c:/Users/kaush/Documents/ECE383_Dan/Final_Project/Code/ip_repo/my_graphics_ip_1.0'.
INFO: [IP_Flow 19-2313] Loaded Vivado IP repository 'C:/Xilinx/Vivado/2018.2/data/ip'.
open_project: Time (s): cpu = 00:00:06 ; elapsed = 00:00:27 . Memory (MB): peak = 912.258 ; gain = 180.004
update_compile_order -fileset sources_1
open_bd_design {C:/Users/kaush/Documents/ECE383_Dan/Final_Project/Code/v1/final_project_v1.srcs/sources_1/bd/design_1/design_1.bd}
Adding cell -- xilinx.com:ip:microblaze:10.0 - microblaze_0
Adding cell -- xilinx.com:ip:mdm:3.2 - mdm_1
Adding cell -- xilinx.com:ip:clk_wiz:6.0 - clk_wiz_1
Adding cell -- xilinx.com:ip:proc_sys_reset:5.0 - rst_clk_wiz_1_100M
Adding cell -- xilinx.com:ip:axi_uartlite:2.0 - axi_uartlite_0
Adding cell -- xilinx.com:ip:mig_7series:4.1 - mig_7series_0
Adding cell -- xilinx.com:ip:smartconnect:1.0 - axi_smc
Adding cell -- xilinx.com:ip:proc_sys_reset:5.0 - rst_mig_7series_0_100M
Adding cell -- xilinx.com:user:my_graphics_ip:1.0 - my_graphics_ip_0
Adding cell -- xilinx.com:ip:axi_crossbar:2.1 - xbar
Adding cell -- xilinx.com:ip:lmb_v10:3.0 - dlmb_v10
Adding cell -- xilinx.com:ip:lmb_v10:3.0 - ilmb_v10
Adding cell -- xilinx.com:ip:lmb_bram_if_cntlr:4.0 - dlmb_bram_if_cntlr
Adding cell -- xilinx.com:ip:lmb_bram_if_cntlr:4.0 - ilmb_bram_if_cntlr
Adding cell -- xilinx.com:ip:blk_mem_gen:8.4 - lmb_bram
Successfully read diagram <design_1> from BD file <C:/Users/kaush/Documents/ECE383_Dan/Final_Project/Code/v1/final_project_v1.srcs/sources_1/bd/design_1/design_1.bd>
open_bd_design: Time (s): cpu = 00:00:03 ; elapsed = 00:00:10 . Memory (MB): peak = 1019.648 ; gain = 96.004
ipx::edit_ip_in_project -upgrade true -name my_graphics_ip_v1_0_project -directory C:/Users/kaush/Documents/ECE383_Dan/Final_Project/Code/v1/final_project_v1.tmp/my_graphics_ip_v1_0_project c:/Users/kaush/Documents/ECE383_Dan/Final_Project/Code/ip_repo/my_graphics_ip_1.0/component.xml
INFO: [ProjectBase 1-489] The host OS only allows 260 characters in a normal path. The project is stored in a path with more than 80 characters. If you experience issues with IP, Block Designs, or files not being found, please consider moving the project to a location with a shorter path. Alternately consider using the OS subst command to map part of the path to a drive letter.
Current project path is 'c:/users/kaush/documents/ece383_dan/final_project/code/v1/final_project_v1.tmp/my_graphics_ip_v1_0_project'
INFO: [IP_Flow 19-234] Refreshing IP repositories
INFO: [IP_Flow 19-1704] No user IP repositories specified
INFO: [IP_Flow 19-2313] Loaded Vivado IP repository 'C:/Xilinx/Vivado/2018.2/data/ip'.
INFO: [IP_Flow 19-234] Refreshing IP repositories
INFO: [IP_Flow 19-1700] Loaded user IP repository 'c:/Users/kaush/Documents/ECE383_Dan/Final_Project/Code/ip_repo/my_graphics_ip_1.0'.
INFO: [IP_Flow 19-795] Syncing license key meta-data
ipx::edit_ip_in_project: Time (s): cpu = 00:00:04 ; elapsed = 00:00:07 . Memory (MB): peak = 1065.598 ; gain = 39.684
update_compile_order -fileset sources_1
close_project
export_ip_user_files -of_objects  [get_files C:/Users/kaush/Documents/ECE383_Dan/Final_Project/Code/v1/final_project_v1.srcs/sources_1/bd/design_1/hdl/design_1_wrapper.vhd] -no_script -reset -force -quiet
remove_files  C:/Users/kaush/Documents/ECE383_Dan/Final_Project/Code/v1/final_project_v1.srcs/sources_1/bd/design_1/hdl/design_1_wrapper.vhd
make_wrapper -files [get_files C:/Users/kaush/Documents/ECE383_Dan/Final_Project/Code/v1/final_project_v1.srcs/sources_1/bd/design_1/design_1.bd] -top
add_files -norecurse C:/Users/kaush/Documents/ECE383_Dan/Final_Project/Code/v1/final_project_v1.srcs/sources_1/bd/design_1/hdl/design_1_wrapper.vhd
update_compile_order -fileset sources_1
INFO: [Vivado 12-4159] Implementation run is out of date. Exported hardware information may be inconsistent with respect to the current state of the design. It is recommended that you re-run implementation and re-generate bitstream before doing hardware export.
reset_run synth_1
launch_runs impl_1 -to_step write_bitstream -jobs 12
[Mon May  6 01:43:02 2024] Launched synth_1...
Run output will be captured here: C:/Users/kaush/Documents/ECE383_Dan/Final_Project/Code/v1/final_project_v1.runs/synth_1/runme.log
[Mon May  6 01:43:02 2024] Launched impl_1...
Run output will be captured here: C:/Users/kaush/Documents/ECE383_Dan/Final_Project/Code/v1/final_project_v1.runs/impl_1/runme.log
file copy -force C:/Users/kaush/Documents/ECE383_Dan/Final_Project/Code/v1/final_project_v1.runs/impl_1/design_1_wrapper.sysdef C:/Users/kaush/Documents/ECE383_Dan/Final_Project/Code/v1/final_project_v1.sdk/design_1_wrapper.hdf

launch_sdk -workspace C:/Users/kaush/Documents/ECE383_Dan/Final_Project/Code/v1/final_project_v1.sdk -hwspec C:/Users/kaush/Documents/ECE383_Dan/Final_Project/Code/v1/final_project_v1.sdk/design_1_wrapper.hdf
INFO: [Vivado 12-393] Launching SDK...
INFO: [Vivado 12-417] Running xsdk -workspace C:/Users/kaush/Documents/ECE383_Dan/Final_Project/Code/v1/final_project_v1.sdk -hwspec C:/Users/kaush/Documents/ECE383_Dan/Final_Project/Code/v1/final_project_v1.sdk/design_1_wrapper.hdf
INFO: [Vivado 12-3157] SDK launch initiated. Please check console for any further messages.
exit
INFO: [Common 17-206] Exiting Vivado at Mon May  6 02:21:28 2024...
