#-----------------------------------------------------------
# Vivado v2018.2 (64-bit)
# SW Build 2258646 on Thu Jun 14 20:03:12 MDT 2018
# IP Build 2256618 on Thu Jun 14 22:10:49 MDT 2018
# Start of session at: Tue May  7 15:32:32 2024
# Process ID: 7676
# Current directory: C:/Users/kaush/Documents/ECE383_Dan/Final_Project/Code/v1
# Command line: vivado.exe -gui_launcher_event rodinguilauncherevent18888 C:\Users\kaush\Documents\ECE383_Dan\Final_Project\Code\v1\final_project_v1.xpr
# Log file: C:/Users/kaush/Documents/ECE383_Dan/Final_Project/Code/v1/vivado.log
# Journal file: C:/Users/kaush/Documents/ECE383_Dan/Final_Project/Code/v1\vivado.jou
#-----------------------------------------------------------
start_gui
open_project C:/Users/kaush/Documents/ECE383_Dan/Final_Project/Code/v1/final_project_v1.xpr
Scanning sources...
Finished scanning sources
INFO: [IP_Flow 19-234] Refreshing IP repositories
INFO: [IP_Flow 19-1700] Loaded user IP repository 'c:/Users/kaush/Documents/ECE383_Dan/Final_Project/Code/ip_repo/my_graphics_ip_1.0'.
INFO: [IP_Flow 19-2313] Loaded Vivado IP repository 'C:/Xilinx/Vivado/2018.2/data/ip'.
WARNING: [IP_Flow 19-3664] IP 'design_1_mig_7series_0_0' generated file not found 'c:/Users/kaush/Documents/ECE383_Dan/Final_Project/Code/v1/final_project_v1.srcs/sources_1/bd/design_1/ip/design_1_mig_7series_0_0/design_1_mig_7series_0_0/user_design/rtl/design_1_mig_7series_0_0_mig.v'. Please regenerate to continue.
open_project: Time (s): cpu = 00:00:07 ; elapsed = 00:00:11 . Memory (MB): peak = 919.469 ; gain = 177.895
update_compile_order -fileset sources_1
INFO: [Vivado 12-4159] Implementation run is out of date. Exported hardware information may be inconsistent with respect to the current state of the design. It is recommended that you re-run implementation and re-generate bitstream before doing hardware export.
file copy -force C:/Users/kaush/Documents/ECE383_Dan/Final_Project/Code/v1/final_project_v1.runs/impl_1/design_1_wrapper.sysdef C:/Users/kaush/Documents/ECE383_Dan/Final_Project/Code/v1/final_project_v1.sdk/design_1_wrapper.hdf

INFO: [Vivado 12-4158] Exported Hardware file is out of date. Exported hardware information may be inconsistent with respect to the current state of the design. It is recommended that you re-export the design and launch SDK otherwise SDK is launched with out of date hardware system file.
launch_sdk -workspace C:/Users/kaush/Documents/ECE383_Dan/Final_Project/Code/v1/final_project_v1.sdk -hwspec C:/Users/kaush/Documents/ECE383_Dan/Final_Project/Code/v1/final_project_v1.sdk/design_1_wrapper.hdf
INFO: [Vivado 12-393] Launching SDK...
INFO: [Vivado 12-417] Running xsdk -workspace C:/Users/kaush/Documents/ECE383_Dan/Final_Project/Code/v1/final_project_v1.sdk -hwspec C:/Users/kaush/Documents/ECE383_Dan/Final_Project/Code/v1/final_project_v1.sdk/design_1_wrapper.hdf
INFO: [Vivado 12-3157] SDK launch initiated. Please check console for any further messages.
exit
INFO: [Common 17-206] Exiting Vivado at Tue May  7 15:46:36 2024...
